<?xml version="1.0" encoding="UTF-8"?>
<testsuite xmlns:xsi="http://www.w3.org/2001/XMLSchema-instance" xsi:noNamespaceSchemaLocation="https://maven.apache.org/surefire/maven-surefire-plugin/xsd/surefire-test-report-3.0.xsd" version="3.0" name="com.likide.spec.PrdComplianceTest" time="0.131" tests="7" errors="0" skipped="0" failures="0">
  <properties>
[...]
</properties>
  <testcase name="build_shouldSetCatalogMetadata_tabsAndPdfUaMarker" classname="com.likide.spec.PrdComplianceTest" time="0.091"/>
  <testcase name="listDocument_shouldContainMandatoryListStructureTags" classname="com.likide.spec.PrdComplianceTest" time="0.007"/>
  <testcase name="lineHeightFormula_shouldFollowSpec" classname="com.likide.spec.PrdComplianceTest" time="0.001"/>
  <testcase name="build_shouldRejectImageWithoutAltAndWithoutDecorativeFlag" classname="com.likide.spec.PrdComplianceTest" time="0.003"/>
  <testcase name="build_shouldRejectSkippedHeadingLevels" classname="com.likide.spec.PrdComplianceTest" time="0.001"/>
  <testcase name="pageDecorations_shouldBeTaggedAsArtifacts" classname="com.likide.spec.PrdComplianceTest" time="0.006"/>
  <testcase name="nextColumnXFormula_shouldFollowSpec" classname="com.likide.spec.PrdComplianceTest" time="0.001"/>
</testsuite>